<?xml version="1.0" encoding="UTF-8"?>
<testng-results skipped="0" failed="0" total="2" passed="2">
  <reporter-output>
  </reporter-output>
  <suite name="Suite" duration-ms="26" started-at="2019-06-01T13:17:34Z" finished-at="2019-06-01T13:17:34Z">
    <groups>
    </groups>
    <test name="Test" duration-ms="26" started-at="2019-06-01T13:17:34Z" finished-at="2019-06-01T13:17:34Z">
      <class name="qaclickacademy.RestAssuredTest">
        <test-method status="PASS" signature="OneRestAssured()[pri:0, instance:qaclickacademy.RestAssuredTest@2c9f9fb0]" name="OneRestAssured" duration-ms="12" started-at="2019-06-01T18:47:34Z" finished-at="2019-06-01T18:47:34Z">
          <reporter-output>
          </reporter-output>
        </test-method> <!-- OneRestAssured -->
        <test-method status="PASS" signature="TwoRestAssured()[pri:0, instance:qaclickacademy.RestAssuredTest@2c9f9fb0]" name="TwoRestAssured" duration-ms="0" started-at="2019-06-01T18:47:34Z" finished-at="2019-06-01T18:47:34Z">
          <reporter-output>
          </reporter-output>
        </test-method> <!-- TwoRestAssured -->
      </class> <!-- qaclickacademy.RestAssuredTest -->
    </test> <!-- Test -->
  </suite> <!-- Suite -->
</testng-results>
